<?xml version="1.0" encoding="UTF-8"?>
<!-- Generated by org.testng.reporters.JUnitReportReporter -->
<testsuite hostname="LIN51006766" failures="0" tests="1" name="TC004_GET_Request_PrintAllHeaders" time="1.747" errors="0" timestamp="19 Feb 2022 17:09:25 GMT" skipped="0">
  <testcase classname="TC004_GET_Request_PrintAllHeaders" name="getGoogleWeatherAPI" time="1.747"/>
</testsuite> <!-- TC004_GET_Request_PrintAllHeaders -->
