<?xml version="1.0" encoding="UTF-8"?>
<!-- Generated by org.testng.reporters.JUnitReportReporter -->
<testsuite hostname="LIN51006766" failures="0" tests="1" name="testAPI.TC002_POST_Request" time="1.626" errors="0" timestamp="23 Feb 2022 12:13:45 GMT" skipped="0">
  <testcase classname="testAPI.TC002_POST_Request" name="registrationSuccessful" time="1.626"/>
</testsuite> <!-- testAPI.TC002_POST_Request -->
