<?xml version="1.0" encoding="UTF-8"?>
<!-- Generated by org.testng.reporters.JUnitReportReporter -->
<testsuite hostname="LIN51006766" failures="0" tests="1" name="TC002_POST_Request" time="1.998" errors="0" timestamp="18 Feb 2022 14:25:01 GMT" skipped="0">
  <testcase classname="TC002_POST_Request" name="registrationSuccessful" time="1.998"/>
</testsuite> <!-- TC002_POST_Request -->
