<?xml version="1.0" encoding="UTF-8"?>
<!-- Generated by org.testng.reporters.JUnitReportReporter -->
<testsuite hostname="LIN51006766" failures="0" tests="1" name="testAPI.TC003_GET_Request" time="0.412" errors="0" timestamp="23 Feb 2022 12:13:45 GMT" skipped="0">
  <testcase classname="testAPI.TC003_GET_Request" name="googlemapTest" time="0.412"/>
</testsuite> <!-- testAPI.TC003_GET_Request -->
