<?xml version="1.0" encoding="UTF-8"?>
<!-- Generated by org.testng.reporters.JUnitReportReporter -->
<testsuite hostname="LIN51006766" failures="0" tests="1" name="TC003_GET_Request" time="1.865" errors="0" timestamp="19 Feb 2022 17:09:54 GMT" skipped="0">
  <testcase classname="TC003_GET_Request" name="googlemapTest" time="1.865"/>
</testsuite> <!-- TC003_GET_Request -->
