<?xml version="1.0" encoding="UTF-8"?>
<!-- Generated by org.testng.reporters.JUnitReportReporter -->
<testsuite hostname="LIN51006766" failures="0" tests="1" name="TC006_GET_Request_ExtractValuesOfEachNodes" time="1.564" errors="0" timestamp="19 Feb 2022 17:15:40 GMT" skipped="0">
  <testcase classname="TC006_GET_Request_ExtractValuesOfEachNodes" name="getJSONDetails" time="1.564"/>
</testsuite> <!-- TC006_GET_Request_ExtractValuesOfEachNodes -->
