<?xml version="1.0" encoding="UTF-8"?>
<!-- Generated by org.testng.reporters.JUnitReportReporter -->
<testsuite hostname="LIN51006766" failures="0" tests="1" name="testAPI.TC005_GET_Request_Validating_JSONResponse" time="1.222" errors="0" timestamp="23 Feb 2022 12:13:45 GMT" skipped="0">
  <testcase classname="testAPI.TC005_GET_Request_Validating_JSONResponse" name="getJSONDetails" time="1.222"/>
</testsuite> <!-- testAPI.TC005_GET_Request_Validating_JSONResponse -->
