<?xml version="1.0" encoding="UTF-8"?>
<!-- Generated by org.testng.reporters.JUnitReportReporter -->
<testsuite hostname="LIN51006766" failures="0" tests="1" name="TC005_GET_Request_Validating_JSONResponse" time="1.645" errors="0" timestamp="19 Feb 2022 17:08:31 GMT" skipped="0">
  <testcase classname="TC005_GET_Request_Validating_JSONResponse" name="getJSONDetails" time="1.645"/>
</testsuite> <!-- TC005_GET_Request_Validating_JSONResponse -->
