<?xml version="1.0" encoding="UTF-8"?>
<!-- Generated by org.testng.reporters.JUnitReportReporter -->
<testsuite hostname="LIN51006766" failures="0" tests="1" name="testAPI.TC004_GET_Request_PrintAllHeaders" time="0.442" errors="0" timestamp="23 Feb 2022 12:33:38 GMT" skipped="0">
  <testcase classname="testAPI.TC004_GET_Request_PrintAllHeaders" name="getGoogleWeatherAPI" time="0.442"/>
</testsuite> <!-- testAPI.TC004_GET_Request_PrintAllHeaders -->
